<?xml version="1.0" encoding="UTF-8"?>
<!-- Generated by org.testng.reporters.JUnitReportReporter -->
<testsuite hostname="Ankit_Sharma" failures="0" tests="1" name="ankit.qa.tests.ProductTests" time="31.007" errors="0" timestamp="2024-01-06T19:28:06 IST" skipped="0">
  <testcase classname="ankit.qa.tests.ProductTests" name="validateProductsOnProductDetailsPageTest" time="31.007"/>
</testsuite> <!-- ankit.qa.tests.ProductTests -->
